<?xml version="1.0" encoding="UTF-8"?>
<testng-results skipped="0" failed="0" ignored="0" total="1" passed="1">
  <reporter-output>
  </reporter-output>
  <suite name="Suite" duration-ms="22384" started-at="2020-05-22T09:24:05Z" finished-at="2020-05-22T09:24:27Z">
    <groups>
    </groups>
    <test name="Test" duration-ms="22384" started-at="2020-05-22T09:24:05Z" finished-at="2020-05-22T09:24:27Z">
      <class name="sampleProject.sampleProject.jenkinDemo">
        <test-method status="PASS" signature="beforeMethod(java.lang.reflect.Method)[pri:0, instance:sampleProject.sampleProject.jenkinDemo@3c9d0b9d]" name="beforeMethod" is-config="true" duration-ms="26" started-at="2020-05-22T09:24:05Z" finished-at="2020-05-22T09:24:05Z">
          <params>
            <param index="0">
              <value>
                <![CDATA[public void sampleProject.sampleProject.jenkinDemo.demoTest()]]>
              </value>
            </param>
          </params>
          <reporter-output>
          </reporter-output>
        </test-method> <!-- beforeMethod -->
        <test-method status="PASS" signature="demoTest()[pri:0, instance:sampleProject.sampleProject.jenkinDemo@3c9d0b9d]" name="demoTest" duration-ms="20429" started-at="2020-05-22T09:24:05Z" finished-at="2020-05-22T09:24:25Z">
          <reporter-output>
          </reporter-output>
        </test-method> <!-- demoTest -->
        <test-method status="PASS" signature="afterMethod(org.testng.ITestResult)[pri:0, instance:sampleProject.sampleProject.jenkinDemo@3c9d0b9d]" name="afterMethod" is-config="true" duration-ms="0" started-at="2020-05-22T09:24:25Z" finished-at="2020-05-22T09:24:25Z">
          <params>
            <param index="0">
              <value>
                <![CDATA[[TestResult name=demoTest status=SUCCESS method=jenkinDemo.demoTest()[pri:0, instance:sampleProject.sampleProject.jenkinDemo@3c9d0b9d] output={null}]]]>
              </value>
            </param>
          </params>
          <reporter-output>
          </reporter-output>
        </test-method> <!-- afterMethod -->
        <test-method status="PASS" signature="killProcess()[pri:0, instance:sampleProject.sampleProject.jenkinDemo@3c9d0b9d]" name="killProcess" is-config="true" duration-ms="1861" started-at="2020-05-22T09:24:25Z" finished-at="2020-05-22T09:24:27Z">
          <reporter-output>
          </reporter-output>
        </test-method> <!-- killProcess -->
      </class> <!-- sampleProject.sampleProject.jenkinDemo -->
    </test> <!-- Test -->
  </suite> <!-- Suite -->
</testng-results>
